2026-03-09 11:51:04,596 - WARNING - No progress file found or failed to load: [Errno 2] No such file or directory: 'scraped_data\\progress.json'
2026-03-09 11:51:05,666 - INFO - Checked robots.txt for http://books.toscrape.com/catalogue/category/books/mystery_3/index.html: Allowed
2026-03-09 11:51:05,667 - INFO - Starting scrape for category: Mystery
2026-03-09 11:51:05,667 - INFO - Scraping category 'Mystery' from http://books.toscrape.com/catalogue/category/books/mystery_3/index.html...
2026-03-09 11:51:07,427 - INFO - Added 32 valid books from category 'Mystery'
2026-03-09 11:51:07,430 - INFO - Progress saved to scraped_data\progress.json
2026-03-09 11:51:08,067 - INFO - Checked robots.txt for http://books.toscrape.com/catalogue/category/books/science-fiction_16/index.html: Allowed
2026-03-09 11:51:08,068 - INFO - Starting scrape for category: Science Fiction
2026-03-09 11:51:08,068 - INFO - Scraping category 'Science Fiction' from http://books.toscrape.com/catalogue/category/books/science-fiction_16/index.html...
2026-03-09 11:51:08,459 - INFO - Added 16 valid books from category 'Science Fiction'
2026-03-09 11:51:08,462 - INFO - Progress saved to scraped_data\progress.json
2026-03-09 11:51:09,113 - INFO - Checked robots.txt for http://books.toscrape.com/catalogue/category/books/fantasy_19/index.html: Allowed
2026-03-09 11:51:09,114 - INFO - Starting scrape for category: Fantasy
2026-03-09 11:51:09,114 - INFO - Scraping category 'Fantasy' from http://books.toscrape.com/catalogue/category/books/fantasy_19/index.html...
2026-03-09 11:51:12,383 - INFO - Added 48 valid books from category 'Fantasy'
2026-03-09 11:51:12,390 - INFO - Progress saved to scraped_data\progress.json
2026-03-09 11:51:13,301 - INFO - Data exported to task3_books.csv, .xlsx, and .json
2026-03-09 11:51:13,301 - INFO - SUMMARY REPORT. Total valid books collected: 95
2026-03-09 11:51:13,301 - INFO - Highest rated book: 'A Time of Torment (Charlie Parker #14)' with rating 5
2026-03-09 11:51:13,302 - INFO - Most expensive book: 'Boar Island (Anna Pigeon #19)' at £59.48
2026-03-09 11:51:13,302 - INFO - Lowest rated category: Science Fiction
2026-03-09 11:51:13,302 - INFO - Highest rated category: Fantasy
2026-03-09 11:51:13,302 - INFO - Summary Report: {'total_books': 95, 'average_price': 35.898315789473685, 'average_rating': 2.873684210526316}
